   1              		.syntax unified
   2              		.cpu cortex-m3
   3              		.fpu softvfp
   4              		.eabi_attribute 20, 1
   5              		.eabi_attribute 21, 1
   6              		.eabi_attribute 23, 3
   7              		.eabi_attribute 24, 1
   8              		.eabi_attribute 25, 1
   9              		.eabi_attribute 26, 1
  10              		.eabi_attribute 30, 2
  11              		.eabi_attribute 34, 1
  12              		.eabi_attribute 18, 4
  13              		.thumb
  14              		.file	"system.c"
  15              		.section	.text.get_uart,"ax",%progbits
  16              		.align	2
  17              		.global	get_uart
  18              		.thumb
  19              		.thumb_func
  21              	get_uart:
  22              		@ args = 0, pretend = 0, frame = 0
  23              		@ frame_needed = 0, uses_anonymous_args = 0
  24              		@ link register save eliminated.
  25 0000 0048     		ldr	r0, .L2
  26 0002 7047     		bx	lr
  27              	.L3:
  28              		.align	2
  29              	.L2:
  30 0004 00000000 		.word	g_mss_uart0
  32              		.section	.text.MSS_UART0_enable_intr,"ax",%progbits
  33              		.align	2
  34              		.global	MSS_UART0_enable_intr
  35              		.thumb
  36              		.thumb_func
  38              	MSS_UART0_enable_intr:
  39              		@ args = 0, pretend = 0, frame = 0
  40              		@ frame_needed = 0, uses_anonymous_args = 0
  41              		@ link register save eliminated.
  42 0000 024B     		ldr	r3, .L5
  43 0002 4FF48062 		mov	r2, #1024
  44 0006 1A60     		str	r2, [r3]
  45 0008 7047     		bx	lr
  46              	.L6:
  47 000a 00BF     		.align	2
  48              	.L5:
  49 000c 00E100E0 		.word	-536813312
  51              		.section	.text.MSS_UART0_disable_intr,"ax",%progbits
  52              		.align	2
  53              		.global	MSS_UART0_disable_intr
  54              		.thumb
  55              		.thumb_func
  57              	MSS_UART0_disable_intr:
  58              		@ args = 0, pretend = 0, frame = 0
  59              		@ frame_needed = 0, uses_anonymous_args = 0
  60              		@ link register save eliminated.
  61 0000 024B     		ldr	r3, .L8
  62 0002 4FF48062 		mov	r2, #1024
  63 0006 C3F88020 		str	r2, [r3, #128]
  64 000a 7047     		bx	lr
  65              	.L9:
  66              		.align	2
  67              	.L8:
  68 000c 00E100E0 		.word	-536813312
  70              		.section	.text.intro,"ax",%progbits
  71              		.align	2
  72              		.global	intro
  73              		.thumb
  74              		.thumb_func
  76              	intro:
  77              		@ args = 0, pretend = 0, frame = 0
  78              		@ frame_needed = 0, uses_anonymous_args = 0
  79 0000 70B5     		push	{r4, r5, r6, lr}
  80 0002 184C     		ldr	r4, .L12
  81 0004 184D     		ldr	r5, .L12+4
  82 0006 194E     		ldr	r6, .L12+8
  83 0008 2046     		mov	r0, r4
  84 000a 2946     		mov	r1, r5
  85 000c FFF7FEFF 		bl	MSS_UART_polled_tx_string
  86 0010 2046     		mov	r0, r4
  87 0012 3146     		mov	r1, r6
  88 0014 FFF7FEFF 		bl	MSS_UART_polled_tx_string
  89 0018 2046     		mov	r0, r4
  90 001a 1549     		ldr	r1, .L12+12
  91 001c FFF7FEFF 		bl	MSS_UART_polled_tx_string
  92 0020 2046     		mov	r0, r4
  93 0022 1449     		ldr	r1, .L12+16
  94 0024 FFF7FEFF 		bl	MSS_UART_polled_tx_string
  95 0028 2046     		mov	r0, r4
  96 002a 1349     		ldr	r1, .L12+20
  97 002c FFF7FEFF 		bl	MSS_UART_polled_tx_string
  98 0030 2046     		mov	r0, r4
  99 0032 1249     		ldr	r1, .L12+24
 100 0034 FFF7FEFF 		bl	MSS_UART_polled_tx_string
 101 0038 2046     		mov	r0, r4
 102 003a 2946     		mov	r1, r5
 103 003c FFF7FEFF 		bl	MSS_UART_polled_tx_string
 104 0040 2046     		mov	r0, r4
 105 0042 3146     		mov	r1, r6
 106 0044 FFF7FEFF 		bl	MSS_UART_polled_tx_string
 107 0048 2046     		mov	r0, r4
 108 004a 2946     		mov	r1, r5
 109 004c FFF7FEFF 		bl	MSS_UART_polled_tx_string
 110 0050 2046     		mov	r0, r4
 111 0052 0B49     		ldr	r1, .L12+28
 112 0054 FFF7FEFF 		bl	MSS_UART_polled_tx_string
 113 0058 2046     		mov	r0, r4
 114 005a 2946     		mov	r1, r5
 115 005c BDE87040 		pop	{r4, r5, r6, lr}
 116 0060 FFF7FEBF 		b	MSS_UART_polled_tx_string
 117              	.L13:
 118              		.align	2
 119              	.L12:
 120 0064 00000000 		.word	g_mss_uart0
 121 0068 00000000 		.word	.LC0
 122 006c 04000000 		.word	.LC1
 123 0070 2C000000 		.word	.LC2
 124 0074 44000000 		.word	.LC3
 125 0078 4C000000 		.word	.LC4
 126 007c 54000000 		.word	.LC5
 127 0080 60000000 		.word	.LC6
 129              		.section	.text.init_system,"ax",%progbits
 130              		.align	2
 131              		.global	init_system
 132              		.thumb
 133              		.thumb_func
 135              	init_system:
 136              		@ args = 0, pretend = 0, frame = 0
 137              		@ frame_needed = 0, uses_anonymous_args = 0
 138 0000 08B5     		push	{r3, lr}
 139 0002 1249     		ldr	r1, .L21
 140 0004 124B     		ldr	r3, .L21+4
 141 0006 4FF00052 		mov	r2, #536870912
 142 000a 0020     		movs	r0, #0
 143 000c C866     		str	r0, [r1, #108]
 144 000e 9A60     		str	r2, [r3, #8]
 145 0010 FFF7FEFF 		bl	init_queue
 146 0014 FFF7FEFF 		bl	InitStorageInfo
 147 0018 FFF7FEFF 		bl	GetIAPVer
 148 001c 6428     		cmp	r0, #100
 149 001e 05D0     		beq	.L15
 150 0020 6420     		movs	r0, #100
 151 0022 FFF7FEFF 		bl	SetIAPVer
 152 0026 0120     		movs	r0, #1
 153 0028 FFF7FEFF 		bl	SaveStorageInfo
 154              	.L15:
 155 002c 0948     		ldr	r0, .L21+8
 156 002e 4FF46121 		mov	r1, #921600
 157 0032 0322     		movs	r2, #3
 158 0034 FFF7FEFF 		bl	MSS_UART_init
 159 0038 0648     		ldr	r0, .L21+8
 160 003a 0749     		ldr	r1, .L21+12
 161 003c 0022     		movs	r2, #0
 162 003e FFF7FEFF 		bl	MSS_UART_set_rx_handler
 163 0042 BDE80840 		pop	{r3, lr}
 164 0046 FFF7FEBF 		b	init_timer_1
 165              	.L22:
 166 004a 00BF     		.align	2
 167              	.L21:
 168 004c 00800340 		.word	1073971200
 169 0050 00ED00E0 		.word	-536810240
 170 0054 00000000 		.word	g_mss_uart0
 171 0058 00000000 		.word	uart0_rx_handler
 173              		.section	.text.reset_system,"ax",%progbits
 174              		.align	2
 175              		.global	reset_system
 176              		.thumb
 177              		.thumb_func
 179              	reset_system:
 180              		@ Volatile: function does not return.
 181              		@ args = 0, pretend = 0, frame = 0
 182              		@ frame_needed = 0, uses_anonymous_args = 0
 183              		@ link register save eliminated.
 184              	@ 473 "C:\Microsemi\SoftConsole_v4.0\CMSIS\V4.3\Include/core_cmInstr.h" 1
 185 0000 BFF34F8F 		dsb 0xF
 186              	@ 0 "" 2
 187              		.thumb
 188 0004 0549     		ldr	r1, .L25
 189 0006 064B     		ldr	r3, .L25+4
 190 0008 CA68     		ldr	r2, [r1, #12]
 191 000a 02F4E062 		and	r2, r2, #1792
 192 000e 1343     		orrs	r3, r3, r2
 193 0010 CB60     		str	r3, [r1, #12]
 194              	@ 473 "C:\Microsemi\SoftConsole_v4.0\CMSIS\V4.3\Include/core_cmInstr.h" 1
 195 0012 BFF34F8F 		dsb 0xF
 196              	@ 0 "" 2
 197              		.thumb
 198              	.L24:
 199              	@ 418 "C:\Microsemi\SoftConsole_v4.0\CMSIS\V4.3\Include/core_cmInstr.h" 1
 200 0016 00BF     		nop
 201              	@ 0 "" 2
 202              		.thumb
 203 0018 FDE7     		b	.L24
 204              	.L26:
 205 001a 00BF     		.align	2
 206              	.L25:
 207 001c 00ED00E0 		.word	-536810240
 208 0020 0400FA05 		.word	100270084
 210              		.section	.rodata.str1.4,"aMS",%progbits,1
 211              		.align	2
 212              	.LC0:
 213 0000 0A0D00   		.ascii	"\012\015\000"
 214 0003 00       		.space	1
 215              	.LC1:
 216 0004 2A2A2A2A 		.ascii	"************************************\012\015\000"
 216      2A2A2A2A 
 216      2A2A2A2A 
 216      2A2A2A2A 
 216      2A2A2A2A 
 217 002b 00       		.space	1
 218              	.LC2:
 219 002c 20202020 		.ascii	"    SmartFusion2 IAP v\000"
 219      536D6172 
 219      74467573 
 219      696F6E32 
 219      20494150 
 220 0043 00       		.space	1
 221              	.LC3:
 222 0044 312E3030 		.ascii	"1.00\000"
 222      00
 223 0049 000000   		.space	3
 224              	.LC4:
 225 004c 0A0D2020 		.ascii	"\012\015    \000"
 225      202000
 226 0053 00       		.space	1
 227              	.LC5:
 228 0054 32303231 		.ascii	"2021.11.08\000"
 228      2E31312E 
 228      303800
 229 005f 00       		.space	1
 230              	.LC6:
 231 0060 52656164 		.ascii	"Ready to update.....  \012\015\000"
 231      7920746F 
 231      20757064 
 231      6174652E 
 231      2E2E2E2E 
 232              		.ident	"GCC: (GNU Tools for ARM Embedded Processors) 4.9.3 20150529 (release) [ARM/embedded-4_9-br
DEFINED SYMBOLS
                            *ABS*:00000000 system.c
C:\Users\jiryu\AppData\Local\Temp\ccBM03t9.s:16     .text.get_uart:00000000 $t
C:\Users\jiryu\AppData\Local\Temp\ccBM03t9.s:21     .text.get_uart:00000000 get_uart
C:\Users\jiryu\AppData\Local\Temp\ccBM03t9.s:30     .text.get_uart:00000004 $d
C:\Users\jiryu\AppData\Local\Temp\ccBM03t9.s:33     .text.MSS_UART0_enable_intr:00000000 $t
C:\Users\jiryu\AppData\Local\Temp\ccBM03t9.s:38     .text.MSS_UART0_enable_intr:00000000 MSS_UART0_enable_intr
C:\Users\jiryu\AppData\Local\Temp\ccBM03t9.s:49     .text.MSS_UART0_enable_intr:0000000c $d
C:\Users\jiryu\AppData\Local\Temp\ccBM03t9.s:52     .text.MSS_UART0_disable_intr:00000000 $t
C:\Users\jiryu\AppData\Local\Temp\ccBM03t9.s:57     .text.MSS_UART0_disable_intr:00000000 MSS_UART0_disable_intr
C:\Users\jiryu\AppData\Local\Temp\ccBM03t9.s:68     .text.MSS_UART0_disable_intr:0000000c $d
C:\Users\jiryu\AppData\Local\Temp\ccBM03t9.s:71     .text.intro:00000000 $t
C:\Users\jiryu\AppData\Local\Temp\ccBM03t9.s:76     .text.intro:00000000 intro
C:\Users\jiryu\AppData\Local\Temp\ccBM03t9.s:120    .text.intro:00000064 $d
C:\Users\jiryu\AppData\Local\Temp\ccBM03t9.s:130    .text.init_system:00000000 $t
C:\Users\jiryu\AppData\Local\Temp\ccBM03t9.s:135    .text.init_system:00000000 init_system
C:\Users\jiryu\AppData\Local\Temp\ccBM03t9.s:168    .text.init_system:0000004c $d
C:\Users\jiryu\AppData\Local\Temp\ccBM03t9.s:174    .text.reset_system:00000000 $t
C:\Users\jiryu\AppData\Local\Temp\ccBM03t9.s:179    .text.reset_system:00000000 reset_system
C:\Users\jiryu\AppData\Local\Temp\ccBM03t9.s:207    .text.reset_system:0000001c $d
C:\Users\jiryu\AppData\Local\Temp\ccBM03t9.s:211    .rodata.str1.4:00000000 $d

UNDEFINED SYMBOLS
g_mss_uart0
MSS_UART_polled_tx_string
init_queue
InitStorageInfo
GetIAPVer
SetIAPVer
SaveStorageInfo
MSS_UART_init
MSS_UART_set_rx_handler
init_timer_1
uart0_rx_handler
