   1              		.syntax unified
   2              		.cpu cortex-m3
   3              		.fpu softvfp
   4              		.eabi_attribute 20, 1
   5              		.eabi_attribute 21, 1
   6              		.eabi_attribute 23, 3
   7              		.eabi_attribute 24, 1
   8              		.eabi_attribute 25, 1
   9              		.eabi_attribute 26, 1
  10              		.eabi_attribute 30, 2
  11              		.eabi_attribute 34, 1
  12              		.eabi_attribute 18, 4
  13              		.thumb
  14              		.file	"timer.c"
  15              		.section	.text.Timer1_IRQHandler,"ax",%progbits
  16              		.align	2
  17              		.global	Timer1_IRQHandler
  18              		.thumb
  19              		.thumb_func
  21              	Timer1_IRQHandler:
  22              		@ Stack Align: May be called with mis-aligned SP.
  23              		@ args = 0, pretend = 0, frame = 0
  24              		@ frame_needed = 0, uses_anonymous_args = 0
  25              		@ link register save eliminated.
  26 0000 6846     		mov	r0, sp
  27 0002 20F00701 		bic	r1, r0, #7
  28 0006 8D46     		mov	sp, r1
  29 0008 074A     		ldr	r2, .L2
  30 000a 01B4     		push	{r0}
  31 000c 1368     		ldr	r3, [r2]
  32 000e 0120     		movs	r0, #1
  33 0010 4FF04021 		mov	r1, #1073758208
  34 0014 0344     		add	r3, r3, r0
  35 0016 1360     		str	r3, [r2]
  36 0018 0861     		str	r0, [r1, #16]
  37              	@ 277 "D:\Home2021\ChroZen-LC\LC_AS\SoC\Ch_AS_SF2_FW\ChAS-git\SF2_hw_platform\src\drivers\mss_timer
  38 001a BFF34F8F 		dsb
  39              	@ 0 "" 2
  40              		.thumb
  41 001e 5DF8040B 		ldr	r0, [sp], #4
  42 0022 8546     		mov	sp, r0
  43 0024 7047     		bx	lr
  44              	.L3:
  45 0026 00BF     		.align	2
  46              	.L2:
  47 0028 00000000 		.word	.LANCHOR0
  49              		.section	.text.init_timer_1,"ax",%progbits
  50              		.align	2
  51              		.global	init_timer_1
  52              		.thumb
  53              		.thumb_func
  55              	init_timer_1:
  56              		@ args = 0, pretend = 0, frame = 0
  57              		@ frame_needed = 0, uses_anonymous_args = 0
  58 0000 1149     		ldr	r1, .L6
  59 0002 F0B5     		push	{r4, r5, r6, r7, lr}
  60 0004 4FF48040 		mov	r0, #16384
  61 0008 104F     		ldr	r7, .L6+4
  62 000a C1F88000 		str	r0, [r1, #128]
  63 000e BE6C     		ldr	r6, [r7, #72]
  64 0010 0F4B     		ldr	r3, .L6+8
  65 0012 DFF840E0 		ldr	lr, .L6+12
  66 0016 0022     		movs	r2, #0
  67 0018 4FF04025 		mov	r5, #1073758208
  68 001c 0124     		movs	r4, #1
  69 001e 26F04006 		bic	r6, r6, #64
  70 0022 BE64     		str	r6, [r7, #72]
  71 0024 6A65     		str	r2, [r5, #84]
  72 0026 C3F88021 		str	r2, [r3, #384]
  73 002a C3F88821 		str	r2, [r3, #392]
  74 002e C3F88421 		str	r2, [r3, #388]
  75 0032 2C61     		str	r4, [r5, #16]
  76 0034 C1F88001 		str	r0, [r1, #384]
  77 0038 C5F804E0 		str	lr, [r5, #4]
  78 003c C3F88041 		str	r4, [r3, #384]
  79 0040 C3F88841 		str	r4, [r3, #392]
  80 0044 0860     		str	r0, [r1]
  81 0046 F0BD     		pop	{r4, r5, r6, r7, pc}
  82              	.L7:
  83              		.align	2
  84              	.L6:
  85 0048 00E100E0 		.word	-536813312
  86 004c 00800340 		.word	1073971200
  87 0050 00000842 		.word	1107820544
  88 0054 E0220200 		.word	140000
  90              		.section	.text.get_mili_time,"ax",%progbits
  91              		.align	2
  92              		.global	get_mili_time
  93              		.thumb
  94              		.thumb_func
  96              	get_mili_time:
  97              		@ args = 0, pretend = 0, frame = 0
  98              		@ frame_needed = 0, uses_anonymous_args = 0
  99              		@ link register save eliminated.
 100 0000 014B     		ldr	r3, .L9
 101 0002 1868     		ldr	r0, [r3]
 102 0004 7047     		bx	lr
 103              	.L10:
 104 0006 00BF     		.align	2
 105              	.L9:
 106 0008 00000000 		.word	.LANCHOR0
 108              		.section	.text.diff_mili_time,"ax",%progbits
 109              		.align	2
 110              		.global	diff_mili_time
 111              		.thumb
 112              		.thumb_func
 114              	diff_mili_time:
 115              		@ args = 0, pretend = 0, frame = 0
 116              		@ frame_needed = 0, uses_anonymous_args = 0
 117              		@ link register save eliminated.
 118 0000 054B     		ldr	r3, .L16
 119 0002 1A68     		ldr	r2, [r3]
 120 0004 9042     		cmp	r0, r2
 121 0006 03D9     		bls	.L15
 122 0008 C043     		mvns	r0, r0
 123 000a 1B68     		ldr	r3, [r3]
 124 000c C01A     		subs	r0, r0, r3
 125 000e 7047     		bx	lr
 126              	.L15:
 127 0010 1B68     		ldr	r3, [r3]
 128 0012 181A     		subs	r0, r3, r0
 129 0014 7047     		bx	lr
 130              	.L17:
 131 0016 00BF     		.align	2
 132              	.L16:
 133 0018 00000000 		.word	.LANCHOR0
 135              		.global	Time1mS
 136              		.section	.bss.Time1mS,"aw",%nobits
 137              		.align	2
 138              		.set	.LANCHOR0,. + 0
 141              	Time1mS:
 142 0000 00000000 		.space	4
 143              		.ident	"GCC: (GNU Tools for ARM Embedded Processors) 4.9.3 20150529 (release) [ARM/embedded-4_9-br
DEFINED SYMBOLS
                            *ABS*:00000000 timer.c
C:\Users\jiryu\AppData\Local\Temp\cccHpAXr.s:16     .text.Timer1_IRQHandler:00000000 $t
C:\Users\jiryu\AppData\Local\Temp\cccHpAXr.s:21     .text.Timer1_IRQHandler:00000000 Timer1_IRQHandler
C:\Users\jiryu\AppData\Local\Temp\cccHpAXr.s:47     .text.Timer1_IRQHandler:00000028 $d
C:\Users\jiryu\AppData\Local\Temp\cccHpAXr.s:50     .text.init_timer_1:00000000 $t
C:\Users\jiryu\AppData\Local\Temp\cccHpAXr.s:55     .text.init_timer_1:00000000 init_timer_1
C:\Users\jiryu\AppData\Local\Temp\cccHpAXr.s:85     .text.init_timer_1:00000048 $d
C:\Users\jiryu\AppData\Local\Temp\cccHpAXr.s:91     .text.get_mili_time:00000000 $t
C:\Users\jiryu\AppData\Local\Temp\cccHpAXr.s:96     .text.get_mili_time:00000000 get_mili_time
C:\Users\jiryu\AppData\Local\Temp\cccHpAXr.s:106    .text.get_mili_time:00000008 $d
C:\Users\jiryu\AppData\Local\Temp\cccHpAXr.s:109    .text.diff_mili_time:00000000 $t
C:\Users\jiryu\AppData\Local\Temp\cccHpAXr.s:114    .text.diff_mili_time:00000000 diff_mili_time
C:\Users\jiryu\AppData\Local\Temp\cccHpAXr.s:133    .text.diff_mili_time:00000018 $d
C:\Users\jiryu\AppData\Local\Temp\cccHpAXr.s:141    .bss.Time1mS:00000000 Time1mS
C:\Users\jiryu\AppData\Local\Temp\cccHpAXr.s:137    .bss.Time1mS:00000000 $d

NO UNDEFINED SYMBOLS
